<?xml version="1.0" encoding="UTF-8"?>
<testng-results ignored="0" total="1" passed="1" failed="0" skipped="0">
  <reporter-output>
  </reporter-output>
  <suite started-at="2022-03-12T10:50:31 IST" name="Suite" finished-at="2022-03-12T10:50:32 IST" duration-ms="1541">
    <groups>
    </groups>
    <test started-at="2022-03-12T10:50:31 IST" name="Test" finished-at="2022-03-12T10:50:32 IST" duration-ms="1541">
      <class name="testcases.UserRegistration">
        <test-method is-config="true" signature="start()[pri:0, instance:testcases.UserRegistration@43301423]" started-at="2022-03-12T10:50:19 IST" name="start" finished-at="2022-03-12T10:50:31 IST" duration-ms="11660" status="PASS">
          <reporter-output>
          </reporter-output>
        </test-method> <!-- start -->
        <test-method is-config="true" signature="close()[pri:0, instance:testcases.UserRegistration@43301423]" started-at="2022-03-12T10:50:33 IST" name="close" finished-at="2022-03-12T10:50:33 IST" duration-ms="203" status="PASS">
          <reporter-output>
          </reporter-output>
        </test-method> <!-- close -->
      </class> <!-- testcases.UserRegistration -->
      <class name="testcases.TableTest1">
        <test-method signature="TableTest1()[pri:0, instance:testcases.TableTest1@2f112965]" started-at="2022-03-12T10:50:31 IST" name="TableTest1" finished-at="2022-03-12T10:50:32 IST" duration-ms="1506" status="PASS">
          <reporter-output>
          </reporter-output>
        </test-method> <!-- TableTest1 -->
      </class> <!-- testcases.TableTest1 -->
    </test> <!-- Test -->
  </suite> <!-- Suite -->
</testng-results>
